[2015-05-20 11:37:10] /shop/index.php ( act=index&op=index ) 
ERR: Db Error: Table 'shopnc.zqshop_groupbuy' doesn't exist
SELECT * FROM `shopnc`.`zqshop_groupbuy` WHERE ( state = '20' ) AND ( start_time < '1432093030' ) AND ( end_time > '1432093030' ) ORDER BY recommended desc LIMIT 1000  
[2015-05-20 11:37:10] /shop/index.php ( act=index&op=index ) 
ERR: Db Error: Table 'shopnc.zqshop_p_xianshi_goods' doesn't exist
SELECT * FROM `shopnc`.`zqshop_p_xianshi_goods` WHERE ( state = '1' ) AND ( start_time < '1432093030' ) AND ( end_time > '1432093030' ) ORDER BY xianshi_recommend desc LIMIT 4  
[2015-05-20 11:37:10] /shop/index.php ( act=index&op=index ) 
ERR: Db Error: Table 'shopnc.zqshop_web' doesn't exist
SELECT * FROM `shopnc`.`zqshop_web` WHERE ( web_show = '1' ) AND ( web_page LIKE 'index%' ) ORDER BY web_sort LIMIT 1000  
[2015-05-20 17:06:47] /admin/index.php?act=cache&op=clear ( act=cache&op=clear ) 
ERR: Db Error: Table 'shopnc.zqshop_circle_mldefault' doesn't exist
SELECT * FROM `shopnc`.`zqshop_circle_mldefault` 
[2015-05-20 17:34:11] /admin/index.php?act=cache&op=clear ( act=cache&op=clear ) 
ERR: Db Error: Table 'shopnc.zqshop_circle_mldefault' doesn't exist
SELECT * FROM `shopnc`.`zqshop_circle_mldefault` 
[2015-05-20 17:34:13] /admin/index.php?act=cache&op=clear ( act=cache&op=clear ) 
ERR: Db Error: Table 'shopnc.zqshop_circle_mldefault' doesn't exist
SELECT * FROM `shopnc`.`zqshop_circle_mldefault` 
[2015-05-20 17:38:30] /admin/index.php?act=cache&op=clear ( act=cache&op=clear ) 
ERR: Db Error: Table 'shopnc.zqshop_circle_mldefault' doesn't exist
SELECT * FROM `shopnc`.`zqshop_circle_mldefault` 
[2015-05-20 17:40:26] /admin/index.php?act=cache&op=clear ( act=cache&op=clear ) 
ERR: Db Error: Table 'shopnc.zqshop_circle_mldefault' doesn't exist
SELECT * FROM `shopnc`.`zqshop_circle_mldefault` 
